<?xml version="1.0" encoding="UTF-8"?>
<testsuite xmlns:xsi="http://www.w3.org/2001/XMLSchema-instance" xsi:noNamespaceSchemaLocation="https://maven.apache.org/surefire/maven-surefire-plugin/xsd/surefire-test-report-3.0.xsd" version="3.0" name="no.hvl.dat110.unit.tests.TestFindSuccessor" time="26.704" tests="1" errors="0" skipped="0" failures="0">
  <properties>
[...]
</properties>
  <testcase name="test" classname="no.hvl.dat110.unit.tests.TestFindSuccessor" time="0.06">
    <system-out><![CDATA[2026-04-13 13:58:25 INFO  NodeServer:50 - process1 server is running... 
process1:9091
2026-04-13 13:58:25 INFO  ChordProtocols:109 - New ring created. Node = process1 | Successor = process1 | Predecessor = null
2026-04-13 13:58:27 INFO  NodeServer:50 - process2 server is running... 
process1:9091
2026-04-13 13:58:27 INFO  ChordProtocols:69 - JoinRing-randomNode = process1
2026-04-13 13:58:27 INFO  ChordProtocols:159 - Fixing the FingerTable for the Node: process2
2026-04-13 13:58:27 INFO  ChordLookup:91 - copy file keys that are <= process2 from successor process1 to process2
2026-04-13 13:58:27 INFO  ChordLookup:108 - Finished copying file keys from successor process1 to process2
2026-04-13 13:58:27 INFO  ChordProtocols:87 - process2 is between null | process1
2026-04-13 13:58:29 INFO  NodeServer:50 - process3 server is running... 
process1:9091
2026-04-13 13:58:29 INFO  ChordProtocols:69 - JoinRing-randomNode = process1
2026-04-13 13:58:29 INFO  ChordProtocols:159 - Fixing the FingerTable for the Node: process3
2026-04-13 13:58:29 INFO  ChordLookup:91 - copy file keys that are <= process3 from successor process1 to process3
2026-04-13 13:58:29 INFO  ChordLookup:108 - Finished copying file keys from successor process1 to process3
2026-04-13 13:58:29 INFO  ChordProtocols:87 - process3 is between null | process1
2026-04-13 13:58:30 INFO  StabilizationProtocols:130 - Updating the successor for Node: process1
2026-04-13 13:58:30 INFO  StabilizationProtocols:165 - Finished updating the successor for Node: process1
2026-04-13 13:58:30 INFO  StabilizationProtocols:84 - Stabilizing ring from process1...
2026-04-13 13:58:30 INFO  StabilizationProtocols:91 - Stabilize ring: succnode = process1
2026-04-13 13:58:30 INFO  StabilizationProtocols:113 - Finished stabilizing chordring from process1
2026-04-13 13:58:30 INFO  ChordProtocols:159 - Fixing the FingerTable for the Node: process1
2026-04-13 13:58:30 INFO  StabilizationProtocols:60 - Checking the predecessor for Node: process1
==================================
Node Identifier = 53937554629190552131995290006614509577
Node IP address = process1
successor(process1) = process1
predecessor(process1) = process2
Current File keys for process1 => []
==================================
2026-04-13 13:58:31 INFO  NodeServer:50 - process4 server is running... 
process1:9091
2026-04-13 13:58:31 INFO  ChordProtocols:69 - JoinRing-randomNode = process1
2026-04-13 13:58:31 INFO  ChordProtocols:159 - Fixing the FingerTable for the Node: process4
2026-04-13 13:58:31 INFO  ChordLookup:91 - copy file keys that are <= process4 from successor process1 to process4
2026-04-13 13:58:31 INFO  ChordLookup:108 - Finished copying file keys from successor process1 to process4
2026-04-13 13:58:31 INFO  ChordProtocols:87 - process4 is between null | process1
2026-04-13 13:58:32 INFO  StabilizationProtocols:130 - Updating the successor for Node: process1
2026-04-13 13:58:32 INFO  StabilizationProtocols:165 - Finished updating the successor for Node: process1
2026-04-13 13:58:32 INFO  StabilizationProtocols:84 - Stabilizing ring from process1...
2026-04-13 13:58:32 INFO  StabilizationProtocols:91 - Stabilize ring: succnode = process2
2026-04-13 13:58:32 INFO  StabilizationProtocols:113 - Finished stabilizing chordring from process1
2026-04-13 13:58:32 INFO  ChordProtocols:159 - Fixing the FingerTable for the Node: process1
2026-04-13 13:58:32 INFO  StabilizationProtocols:60 - Checking the predecessor for Node: process1
==================================
Node Identifier = 53937554629190552131995290006614509577
Node IP address = process1
successor(process1) = process2
predecessor(process1) = process2
Current File keys for process1 => []
==================================
2026-04-13 13:58:32 INFO  StabilizationProtocols:130 - Updating the successor for Node: process2
2026-04-13 13:58:32 INFO  StabilizationProtocols:84 - Stabilizing ring from process2...
2026-04-13 13:58:32 INFO  StabilizationProtocols:91 - Stabilize ring: succnode = process1
2026-04-13 13:58:32 INFO  StabilizationProtocols:113 - Finished stabilizing chordring from process2
2026-04-13 13:58:32 INFO  ChordProtocols:159 - Fixing the FingerTable for the Node: process2
2026-04-13 13:58:32 INFO  StabilizationProtocols:60 - Checking the predecessor for Node: process2
==================================
Node Identifier = 15618062003214643351512781541041391612
Node IP address = process2
successor(process2) = process1
predecessor(process2) = process2
Current File keys for process2 => []
==================================
2026-04-13 13:58:33 INFO  NodeServer:50 - process5 server is running... 
process1:9091
2026-04-13 13:58:33 INFO  ChordProtocols:69 - JoinRing-randomNode = process1
2026-04-13 13:58:33 INFO  ChordProtocols:159 - Fixing the FingerTable for the Node: process5
2026-04-13 13:58:33 INFO  ChordLookup:91 - copy file keys that are <= process5 from successor process2 to process5
2026-04-13 13:58:33 INFO  ChordLookup:108 - Finished copying file keys from successor process2 to process5
2026-04-13 13:58:33 INFO  ChordProtocols:87 - process5 is between null | process2
2026-04-13 13:58:34 INFO  StabilizationProtocols:130 - Updating the successor for Node: process1
2026-04-13 13:58:34 INFO  StabilizationProtocols:165 - Finished updating the successor for Node: process1
2026-04-13 13:58:34 INFO  StabilizationProtocols:84 - Stabilizing ring from process1...
2026-04-13 13:58:34 INFO  StabilizationProtocols:91 - Stabilize ring: succnode = process5
2026-04-13 13:58:34 INFO  StabilizationProtocols:113 - Finished stabilizing chordring from process1
2026-04-13 13:58:34 INFO  ChordProtocols:159 - Fixing the FingerTable for the Node: process1
2026-04-13 13:58:34 INFO  StabilizationProtocols:60 - Checking the predecessor for Node: process1
==================================
Node Identifier = 53937554629190552131995290006614509577
Node IP address = process1
successor(process1) = process5
predecessor(process1) = process2
Current File keys for process1 => []
==================================
2026-04-13 13:58:34 INFO  StabilizationProtocols:130 - Updating the successor for Node: process2
2026-04-13 13:58:34 INFO  StabilizationProtocols:84 - Stabilizing ring from process2...
2026-04-13 13:58:34 INFO  StabilizationProtocols:91 - Stabilize ring: succnode = process1
2026-04-13 13:58:34 INFO  StabilizationProtocols:113 - Finished stabilizing chordring from process2
2026-04-13 13:58:34 INFO  ChordProtocols:159 - Fixing the FingerTable for the Node: process2
2026-04-13 13:58:34 INFO  StabilizationProtocols:60 - Checking the predecessor for Node: process2
==================================
Node Identifier = 15618062003214643351512781541041391612
Node IP address = process2
successor(process2) = process1
predecessor(process2) = process5
Current File keys for process2 => []
==================================
2026-04-13 13:58:34 INFO  StabilizationProtocols:130 - Updating the successor for Node: process3
2026-04-13 13:58:34 INFO  StabilizationProtocols:165 - Finished updating the successor for Node: process3
2026-04-13 13:58:34 INFO  StabilizationProtocols:84 - Stabilizing ring from process3...
2026-04-13 13:58:34 INFO  StabilizationProtocols:91 - Stabilize ring: succnode = process2
2026-04-13 13:58:34 INFO  ChordLookup:91 - copy file keys that are <= process3 from successor process2 to process3
2026-04-13 13:58:34 INFO  ChordLookup:108 - Finished copying file keys from successor process2 to process3
2026-04-13 13:58:34 INFO  StabilizationProtocols:113 - Finished stabilizing chordring from process3
2026-04-13 13:58:34 INFO  ChordProtocols:159 - Fixing the FingerTable for the Node: process3
2026-04-13 13:58:34 INFO  StabilizationProtocols:60 - Checking the predecessor for Node: process3
==================================
Node Identifier = 66910184482037901621933403444034052414
Node IP address = process3
successor(process3) = process5
predecessor(process3) = process3
Current File keys for process3 => []
==================================
2026-04-13 13:58:36 INFO  StabilizationProtocols:130 - Updating the successor for Node: process1
2026-04-13 13:58:36 INFO  StabilizationProtocols:165 - Finished updating the successor for Node: process1
2026-04-13 13:58:36 INFO  StabilizationProtocols:84 - Stabilizing ring from process1...
2026-04-13 13:58:36 INFO  StabilizationProtocols:91 - Stabilize ring: succnode = process3
2026-04-13 13:58:36 INFO  StabilizationProtocols:113 - Finished stabilizing chordring from process1
2026-04-13 13:58:36 INFO  ChordProtocols:159 - Fixing the FingerTable for the Node: process1
2026-04-13 13:58:36 INFO  StabilizationProtocols:60 - Checking the predecessor for Node: process1
==================================
Node Identifier = 53937554629190552131995290006614509577
Node IP address = process1
successor(process1) = process3
predecessor(process1) = process2
Current File keys for process1 => []
==================================
2026-04-13 13:58:36 INFO  StabilizationProtocols:130 - Updating the successor for Node: process2
2026-04-13 13:58:36 INFO  StabilizationProtocols:84 - Stabilizing ring from process2...
2026-04-13 13:58:36 INFO  StabilizationProtocols:91 - Stabilize ring: succnode = process1
2026-04-13 13:58:36 INFO  StabilizationProtocols:113 - Finished stabilizing chordring from process2
2026-04-13 13:58:36 INFO  ChordProtocols:159 - Fixing the FingerTable for the Node: process2
2026-04-13 13:58:36 INFO  StabilizationProtocols:60 - Checking the predecessor for Node: process2
==================================
Node Identifier = 15618062003214643351512781541041391612
Node IP address = process2
successor(process2) = process1
predecessor(process2) = process5
Current File keys for process2 => []
==================================
2026-04-13 13:58:36 INFO  StabilizationProtocols:130 - Updating the successor for Node: process3
2026-04-13 13:58:36 INFO  StabilizationProtocols:84 - Stabilizing ring from process3...
2026-04-13 13:58:36 INFO  StabilizationProtocols:91 - Stabilize ring: succnode = process5
2026-04-13 13:58:36 INFO  StabilizationProtocols:113 - Finished stabilizing chordring from process3
2026-04-13 13:58:36 INFO  ChordProtocols:159 - Fixing the FingerTable for the Node: process3
2026-04-13 13:58:36 INFO  StabilizationProtocols:130 - Updating the successor for Node: process4
2026-04-13 13:58:36 INFO  StabilizationProtocols:60 - Checking the predecessor for Node: process3
==================================
Node Identifier = 66910184482037901621933403444034052414
Node IP address = process3
successor(process3) = process5
predecessor(process3) = process3
Current File keys for process3 => []
==================================
2026-04-13 13:58:36 INFO  StabilizationProtocols:165 - Finished updating the successor for Node: process4
2026-04-13 13:58:36 INFO  StabilizationProtocols:84 - Stabilizing ring from process4...
2026-04-13 13:58:36 INFO  StabilizationProtocols:91 - Stabilize ring: succnode = process2
2026-04-13 13:58:36 INFO  StabilizationProtocols:113 - Finished stabilizing chordring from process4
2026-04-13 13:58:36 INFO  ChordProtocols:159 - Fixing the FingerTable for the Node: process4
2026-04-13 13:58:36 INFO  StabilizationProtocols:60 - Checking the predecessor for Node: process4
==================================
Node Identifier = 210821560651360572675896360671414673172
Node IP address = process4
successor(process4) = process2
predecessor(process4) = process4
Current File keys for process4 => []
==================================
2026-04-13 13:58:38 INFO  StabilizationProtocols:130 - Updating the successor for Node: process1
2026-04-13 13:58:38 INFO  StabilizationProtocols:165 - Finished updating the successor for Node: process1
2026-04-13 13:58:38 INFO  StabilizationProtocols:84 - Stabilizing ring from process1...
2026-04-13 13:58:38 INFO  StabilizationProtocols:91 - Stabilize ring: succnode = process3
2026-04-13 13:58:38 INFO  StabilizationProtocols:113 - Finished stabilizing chordring from process1
2026-04-13 13:58:38 INFO  ChordProtocols:159 - Fixing the FingerTable for the Node: process1
2026-04-13 13:58:38 INFO  StabilizationProtocols:60 - Checking the predecessor for Node: process1
==================================
Node Identifier = 53937554629190552131995290006614509577
Node IP address = process1
successor(process1) = process3
predecessor(process1) = process2
Current File keys for process1 => []
==================================
2026-04-13 13:58:38 INFO  StabilizationProtocols:130 - Updating the successor for Node: process2
2026-04-13 13:58:38 INFO  StabilizationProtocols:84 - Stabilizing ring from process2...
2026-04-13 13:58:38 INFO  StabilizationProtocols:91 - Stabilize ring: succnode = process1
2026-04-13 13:58:38 INFO  StabilizationProtocols:113 - Finished stabilizing chordring from process2
2026-04-13 13:58:38 INFO  ChordProtocols:159 - Fixing the FingerTable for the Node: process2
2026-04-13 13:58:38 INFO  StabilizationProtocols:130 - Updating the successor for Node: process3
2026-04-13 13:58:38 INFO  StabilizationProtocols:60 - Checking the predecessor for Node: process2
2026-04-13 13:58:38 INFO  StabilizationProtocols:84 - Stabilizing ring from process3...
==================================
Node Identifier = 15618062003214643351512781541041391612
Node IP address = process2
successor(process2) = process1
2026-04-13 13:58:38 INFO  StabilizationProtocols:91 - Stabilize ring: succnode = process5
predecessor(process2) = process5
Current File keys for process2 => []
==================================
2026-04-13 13:58:38 INFO  StabilizationProtocols:113 - Finished stabilizing chordring from process3
2026-04-13 13:58:38 INFO  ChordProtocols:159 - Fixing the FingerTable for the Node: process3
2026-04-13 13:58:38 INFO  StabilizationProtocols:130 - Updating the successor for Node: process4
2026-04-13 13:58:38 INFO  StabilizationProtocols:165 - Finished updating the successor for Node: process4
2026-04-13 13:58:38 INFO  StabilizationProtocols:84 - Stabilizing ring from process4...
2026-04-13 13:58:38 INFO  StabilizationProtocols:91 - Stabilize ring: succnode = process5
2026-04-13 13:58:38 INFO  ChordLookup:91 - copy file keys that are <= process4 from successor process5 to process4
2026-04-13 13:58:38 INFO  ChordLookup:108 - Finished copying file keys from successor process5 to process4
2026-04-13 13:58:38 INFO  StabilizationProtocols:113 - Finished stabilizing chordring from process4
2026-04-13 13:58:38 INFO  ChordProtocols:159 - Fixing the FingerTable for the Node: process4
2026-04-13 13:58:38 INFO  StabilizationProtocols:60 - Checking the predecessor for Node: process3
==================================
Node Identifier = 66910184482037901621933403444034052414
Node IP address = process3
successor(process3) = process5
predecessor(process3) = process1
Current File keys for process3 => []
==================================
2026-04-13 13:58:38 INFO  StabilizationProtocols:130 - Updating the successor for Node: process5
2026-04-13 13:58:38 INFO  StabilizationProtocols:84 - Stabilizing ring from process5...
2026-04-13 13:58:38 INFO  StabilizationProtocols:91 - Stabilize ring: succnode = process2
2026-04-13 13:58:38 INFO  StabilizationProtocols:113 - Finished stabilizing chordring from process5
2026-04-13 13:58:38 INFO  ChordProtocols:159 - Fixing the FingerTable for the Node: process5
2026-04-13 13:58:38 INFO  StabilizationProtocols:60 - Checking the predecessor for Node: process4
==================================
Node Identifier = 210821560651360572675896360671414673172
Node IP address = process4
successor(process4) = process3
predecessor(process4) = process4
Current File keys for process4 => []
==================================
2026-04-13 13:58:38 INFO  StabilizationProtocols:60 - Checking the predecessor for Node: process5
==================================
Node Identifier = 121411138451101288395601026024677976156
Node IP address = process5
successor(process5) = process2
predecessor(process5) = process3
Current File keys for process5 => []
==================================
2026-04-13 13:58:40 INFO  StabilizationProtocols:130 - Updating the successor for Node: process1
2026-04-13 13:58:40 INFO  StabilizationProtocols:84 - Stabilizing ring from process1...
2026-04-13 13:58:40 INFO  StabilizationProtocols:91 - Stabilize ring: succnode = process3
2026-04-13 13:58:40 INFO  StabilizationProtocols:113 - Finished stabilizing chordring from process1
2026-04-13 13:58:40 INFO  ChordProtocols:159 - Fixing the FingerTable for the Node: process1
2026-04-13 13:58:40 INFO  StabilizationProtocols:60 - Checking the predecessor for Node: process1
==================================
Node Identifier = 53937554629190552131995290006614509577
Node IP address = process1
successor(process1) = process3
predecessor(process1) = process2
Current File keys for process1 => []
==================================
2026-04-13 13:58:40 INFO  StabilizationProtocols:130 - Updating the successor for Node: process2
2026-04-13 13:58:40 INFO  StabilizationProtocols:84 - Stabilizing ring from process2...
2026-04-13 13:58:40 INFO  StabilizationProtocols:91 - Stabilize ring: succnode = process1
2026-04-13 13:58:40 INFO  StabilizationProtocols:113 - Finished stabilizing chordring from process2
2026-04-13 13:58:40 INFO  ChordProtocols:159 - Fixing the FingerTable for the Node: process2
2026-04-13 13:58:40 INFO  StabilizationProtocols:60 - Checking the predecessor for Node: process2
==================================
Node Identifier = 15618062003214643351512781541041391612
Node IP address = process2
successor(process2) = process1
predecessor(process2) = process5
Current File keys for process2 => []
==================================
2026-04-13 13:58:40 INFO  StabilizationProtocols:130 - Updating the successor for Node: process3
2026-04-13 13:58:40 INFO  StabilizationProtocols:84 - Stabilizing ring from process3...
2026-04-13 13:58:40 INFO  StabilizationProtocols:91 - Stabilize ring: succnode = process5
2026-04-13 13:58:40 INFO  StabilizationProtocols:113 - Finished stabilizing chordring from process3
2026-04-13 13:58:40 INFO  ChordProtocols:159 - Fixing the FingerTable for the Node: process3
2026-04-13 13:58:40 INFO  StabilizationProtocols:130 - Updating the successor for Node: process4
2026-04-13 13:58:40 INFO  StabilizationProtocols:165 - Finished updating the successor for Node: process4
2026-04-13 13:58:40 INFO  StabilizationProtocols:84 - Stabilizing ring from process4...
2026-04-13 13:58:40 INFO  StabilizationProtocols:91 - Stabilize ring: succnode = process1
2026-04-13 13:58:40 INFO  StabilizationProtocols:60 - Checking the predecessor for Node: process3
2026-04-13 13:58:40 INFO  ChordLookup:91 - copy file keys that are <= process4 from successor process1 to process4
2026-04-13 13:58:40 INFO  ChordLookup:108 - Finished copying file keys from successor process1 to process4
==================================
Node Identifier = 66910184482037901621933403444034052414
Node IP address = process3
successor(process3) = process5
2026-04-13 13:58:40 INFO  StabilizationProtocols:113 - Finished stabilizing chordring from process4
predecessor(process3) = process1
Current File keys for process3 => []
==================================
2026-04-13 13:58:40 INFO  ChordProtocols:159 - Fixing the FingerTable for the Node: process4
2026-04-13 13:58:40 INFO  StabilizationProtocols:130 - Updating the successor for Node: process5
2026-04-13 13:58:40 INFO  StabilizationProtocols:165 - Finished updating the successor for Node: process5
2026-04-13 13:58:40 INFO  StabilizationProtocols:84 - Stabilizing ring from process5...
2026-04-13 13:58:40 INFO  StabilizationProtocols:91 - Stabilize ring: succnode = process4
2026-04-13 13:58:40 INFO  StabilizationProtocols:113 - Finished stabilizing chordring from process5
2026-04-13 13:58:40 INFO  ChordProtocols:159 - Fixing the FingerTable for the Node: process5
2026-04-13 13:58:40 INFO  StabilizationProtocols:60 - Checking the predecessor for Node: process4
==================================
Node Identifier = 210821560651360572675896360671414673172
Node IP address = process4
successor(process4) = process2
predecessor(process4) = process4
Current File keys for process4 => []
==================================
2026-04-13 13:58:40 INFO  StabilizationProtocols:60 - Checking the predecessor for Node: process5
==================================
Node Identifier = 121411138451101288395601026024677976156
Node IP address = process5
successor(process5) = process4
predecessor(process5) = process3
Current File keys for process5 => []
==================================
2026-04-13 13:58:42 INFO  StabilizationProtocols:130 - Updating the successor for Node: process1
2026-04-13 13:58:42 INFO  StabilizationProtocols:84 - Stabilizing ring from process1...
2026-04-13 13:58:42 INFO  StabilizationProtocols:91 - Stabilize ring: succnode = process3
2026-04-13 13:58:42 INFO  StabilizationProtocols:113 - Finished stabilizing chordring from process1
2026-04-13 13:58:42 INFO  ChordProtocols:159 - Fixing the FingerTable for the Node: process1
2026-04-13 13:58:42 INFO  StabilizationProtocols:60 - Checking the predecessor for Node: process1
==================================
Node Identifier = 53937554629190552131995290006614509577
Node IP address = process1
successor(process1) = process3
predecessor(process1) = process2
Current File keys for process1 => []
==================================
2026-04-13 13:58:42 INFO  StabilizationProtocols:130 - Updating the successor for Node: process2
2026-04-13 13:58:42 INFO  StabilizationProtocols:84 - Stabilizing ring from process2...
2026-04-13 13:58:42 INFO  StabilizationProtocols:91 - Stabilize ring: succnode = process1
2026-04-13 13:58:42 INFO  StabilizationProtocols:113 - Finished stabilizing chordring from process2
2026-04-13 13:58:42 INFO  ChordProtocols:159 - Fixing the FingerTable for the Node: process2
2026-04-13 13:58:42 INFO  StabilizationProtocols:60 - Checking the predecessor for Node: process2
==================================
Node Identifier = 15618062003214643351512781541041391612
Node IP address = process2
successor(process2) = process1
predecessor(process2) = process4
Current File keys for process2 => []
==================================
2026-04-13 13:58:42 INFO  StabilizationProtocols:130 - Updating the successor for Node: process3
2026-04-13 13:58:42 INFO  StabilizationProtocols:84 - Stabilizing ring from process3...
2026-04-13 13:58:42 INFO  StabilizationProtocols:91 - Stabilize ring: succnode = process5
2026-04-13 13:58:42 INFO  StabilizationProtocols:113 - Finished stabilizing chordring from process3
2026-04-13 13:58:42 INFO  ChordProtocols:159 - Fixing the FingerTable for the Node: process3
2026-04-13 13:58:42 INFO  StabilizationProtocols:60 - Checking the predecessor for Node: process3
==================================
Node Identifier = 66910184482037901621933403444034052414
Node IP address = process3
successor(process3) = process5
predecessor(process3) = process1
Current File keys for process3 => []
==================================
2026-04-13 13:58:42 INFO  StabilizationProtocols:130 - Updating the successor for Node: process4
2026-04-13 13:58:42 INFO  StabilizationProtocols:84 - Stabilizing ring from process4...
2026-04-13 13:58:42 INFO  StabilizationProtocols:91 - Stabilize ring: succnode = process2
2026-04-13 13:58:42 INFO  StabilizationProtocols:113 - Finished stabilizing chordring from process4
2026-04-13 13:58:42 INFO  ChordProtocols:159 - Fixing the FingerTable for the Node: process4
2026-04-13 13:58:42 INFO  StabilizationProtocols:60 - Checking the predecessor for Node: process4
==================================
Node Identifier = 210821560651360572675896360671414673172
Node IP address = process4
successor(process4) = process2
predecessor(process4) = process4
Current File keys for process4 => []
==================================
2026-04-13 13:58:42 INFO  StabilizationProtocols:130 - Updating the successor for Node: process5
2026-04-13 13:58:42 INFO  StabilizationProtocols:165 - Finished updating the successor for Node: process5
2026-04-13 13:58:42 INFO  StabilizationProtocols:84 - Stabilizing ring from process5...
2026-04-13 13:58:42 INFO  StabilizationProtocols:91 - Stabilize ring: succnode = process4
2026-04-13 13:58:42 INFO  StabilizationProtocols:113 - Finished stabilizing chordring from process5
2026-04-13 13:58:42 INFO  ChordProtocols:159 - Fixing the FingerTable for the Node: process5
2026-04-13 13:58:42 INFO  StabilizationProtocols:60 - Checking the predecessor for Node: process5
==================================
Node Identifier = 121411138451101288395601026024677976156
Node IP address = process5
successor(process5) = process4
predecessor(process5) = process3
Current File keys for process5 => []
==================================
2026-04-13 13:58:44 INFO  StabilizationProtocols:130 - Updating the successor for Node: process1
2026-04-13 13:58:44 INFO  StabilizationProtocols:84 - Stabilizing ring from process1...
2026-04-13 13:58:44 INFO  StabilizationProtocols:91 - Stabilize ring: succnode = process3
2026-04-13 13:58:44 INFO  StabilizationProtocols:113 - Finished stabilizing chordring from process1
2026-04-13 13:58:44 INFO  ChordProtocols:159 - Fixing the FingerTable for the Node: process1
2026-04-13 13:58:44 INFO  StabilizationProtocols:60 - Checking the predecessor for Node: process1
==================================
Node Identifier = 53937554629190552131995290006614509577
Node IP address = process1
successor(process1) = process3
predecessor(process1) = process2
Current File keys for process1 => []
==================================
2026-04-13 13:58:44 INFO  StabilizationProtocols:130 - Updating the successor for Node: process2
2026-04-13 13:58:44 INFO  StabilizationProtocols:84 - Stabilizing ring from process2...
2026-04-13 13:58:44 INFO  StabilizationProtocols:91 - Stabilize ring: succnode = process1
2026-04-13 13:58:44 INFO  StabilizationProtocols:113 - Finished stabilizing chordring from process2
2026-04-13 13:58:44 INFO  ChordProtocols:159 - Fixing the FingerTable for the Node: process2
2026-04-13 13:58:44 INFO  StabilizationProtocols:60 - Checking the predecessor for Node: process2
==================================
Node Identifier = 15618062003214643351512781541041391612
Node IP address = process2
successor(process2) = process1
predecessor(process2) = process4
Current File keys for process2 => []
==================================
2026-04-13 13:58:44 INFO  StabilizationProtocols:130 - Updating the successor for Node: process3
2026-04-13 13:58:44 INFO  StabilizationProtocols:84 - Stabilizing ring from process3...
2026-04-13 13:58:44 INFO  StabilizationProtocols:91 - Stabilize ring: succnode = process5
2026-04-13 13:58:44 INFO  StabilizationProtocols:113 - Finished stabilizing chordring from process3
2026-04-13 13:58:44 INFO  ChordProtocols:159 - Fixing the FingerTable for the Node: process3
2026-04-13 13:58:44 INFO  StabilizationProtocols:60 - Checking the predecessor for Node: process3
==================================
Node Identifier = 66910184482037901621933403444034052414
Node IP address = process3
successor(process3) = process5
predecessor(process3) = process1
Current File keys for process3 => []
==================================
2026-04-13 13:58:44 INFO  StabilizationProtocols:130 - Updating the successor for Node: process4
2026-04-13 13:58:44 INFO  StabilizationProtocols:84 - Stabilizing ring from process4...
2026-04-13 13:58:44 INFO  StabilizationProtocols:91 - Stabilize ring: succnode = process2
2026-04-13 13:58:44 INFO  StabilizationProtocols:113 - Finished stabilizing chordring from process4
2026-04-13 13:58:44 INFO  ChordProtocols:159 - Fixing the FingerTable for the Node: process4
2026-04-13 13:58:44 INFO  StabilizationProtocols:60 - Checking the predecessor for Node: process4
==================================
Node Identifier = 210821560651360572675896360671414673172
Node IP address = process4
successor(process4) = process2
predecessor(process4) = process5
Current File keys for process4 => []
==================================
2026-04-13 13:58:44 INFO  StabilizationProtocols:130 - Updating the successor for Node: process5
2026-04-13 13:58:44 INFO  StabilizationProtocols:84 - Stabilizing ring from process5...
2026-04-13 13:58:44 INFO  StabilizationProtocols:91 - Stabilize ring: succnode = process4
2026-04-13 13:58:44 INFO  StabilizationProtocols:113 - Finished stabilizing chordring from process5
2026-04-13 13:58:44 INFO  ChordProtocols:159 - Fixing the FingerTable for the Node: process5
2026-04-13 13:58:44 INFO  StabilizationProtocols:60 - Checking the predecessor for Node: process5
==================================
Node Identifier = 121411138451101288395601026024677976156
Node IP address = process5
successor(process5) = process4
predecessor(process5) = process3
Current File keys for process5 => []
==================================
2026-04-13 13:58:45 INFO  FileManager:171 - filename=file1 size=0,121
2026-04-13 13:58:45 INFO  FileManager:171 - filename=file2 size=0,115
2026-04-13 13:58:45 INFO  FileManager:171 - filename=file3 size=0,115
2026-04-13 13:58:45 INFO  FileManager:171 - filename=file4 size=0,116
2026-04-13 13:58:45 INFO  FileManager:171 - filename=file5 size=0,116
2026-04-13 13:58:46 INFO  StabilizationProtocols:130 - Updating the successor for Node: process1
2026-04-13 13:58:46 INFO  StabilizationProtocols:84 - Stabilizing ring from process1...
2026-04-13 13:58:46 INFO  StabilizationProtocols:91 - Stabilize ring: succnode = process3
2026-04-13 13:58:46 INFO  StabilizationProtocols:113 - Finished stabilizing chordring from process1
2026-04-13 13:58:46 INFO  ChordProtocols:159 - Fixing the FingerTable for the Node: process1
2026-04-13 13:58:46 INFO  StabilizationProtocols:60 - Checking the predecessor for Node: process1
==================================
Node Identifier = 53937554629190552131995290006614509577
Node IP address = process1
successor(process1) = process3
predecessor(process1) = process2
Current File keys for process1 => []
==================================
2026-04-13 13:58:46 INFO  StabilizationProtocols:130 - Updating the successor for Node: process2
2026-04-13 13:58:46 INFO  StabilizationProtocols:84 - Stabilizing ring from process2...
2026-04-13 13:58:46 INFO  StabilizationProtocols:91 - Stabilize ring: succnode = process1
2026-04-13 13:58:46 INFO  StabilizationProtocols:113 - Finished stabilizing chordring from process2
2026-04-13 13:58:46 INFO  ChordProtocols:159 - Fixing the FingerTable for the Node: process2
2026-04-13 13:58:46 INFO  StabilizationProtocols:60 - Checking the predecessor for Node: process2
==================================
Node Identifier = 15618062003214643351512781541041391612
Node IP address = process2
successor(process2) = process1
predecessor(process2) = process4
Current File keys for process2 => []
==================================
2026-04-13 13:58:46 INFO  StabilizationProtocols:130 - Updating the successor for Node: process3
2026-04-13 13:58:46 INFO  StabilizationProtocols:84 - Stabilizing ring from process3...
2026-04-13 13:58:46 INFO  StabilizationProtocols:91 - Stabilize ring: succnode = process5
2026-04-13 13:58:46 INFO  StabilizationProtocols:113 - Finished stabilizing chordring from process3
2026-04-13 13:58:46 INFO  ChordProtocols:159 - Fixing the FingerTable for the Node: process3
2026-04-13 13:58:46 INFO  StabilizationProtocols:130 - Updating the successor for Node: process4
2026-04-13 13:58:46 INFO  StabilizationProtocols:60 - Checking the predecessor for Node: process3
2026-04-13 13:58:46 INFO  StabilizationProtocols:84 - Stabilizing ring from process4...
==================================
Node Identifier = 66910184482037901621933403444034052414
Node IP address = process3
successor(process3) = process5
2026-04-13 13:58:46 INFO  StabilizationProtocols:91 - Stabilize ring: succnode = process2
predecessor(process3) = process1
Current File keys for process3 => []
==================================
2026-04-13 13:58:46 INFO  StabilizationProtocols:113 - Finished stabilizing chordring from process4
2026-04-13 13:58:46 INFO  ChordProtocols:159 - Fixing the FingerTable for the Node: process4
2026-04-13 13:58:46 INFO  StabilizationProtocols:60 - Checking the predecessor for Node: process4
==================================
Node Identifier = 210821560651360572675896360671414673172
Node IP address = process4
successor(process4) = process2
predecessor(process4) = process5
Current File keys for process4 => []
==================================
2026-04-13 13:58:46 INFO  StabilizationProtocols:130 - Updating the successor for Node: process5
2026-04-13 13:58:46 INFO  StabilizationProtocols:84 - Stabilizing ring from process5...
2026-04-13 13:58:46 INFO  StabilizationProtocols:91 - Stabilize ring: succnode = process4
2026-04-13 13:58:46 INFO  StabilizationProtocols:113 - Finished stabilizing chordring from process5
2026-04-13 13:58:46 INFO  ChordProtocols:159 - Fixing the FingerTable for the Node: process5
2026-04-13 13:58:46 INFO  StabilizationProtocols:60 - Checking the predecessor for Node: process5
==================================
Node Identifier = 121411138451101288395601026024677976156
Node IP address = process5
successor(process5) = process4
predecessor(process5) = process3
Current File keys for process5 => []
==================================
2026-04-13 13:58:48 INFO  StabilizationProtocols:130 - Updating the successor for Node: process1
2026-04-13 13:58:48 INFO  StabilizationProtocols:84 - Stabilizing ring from process1...
2026-04-13 13:58:48 INFO  StabilizationProtocols:91 - Stabilize ring: succnode = process3
2026-04-13 13:58:48 INFO  StabilizationProtocols:113 - Finished stabilizing chordring from process1
2026-04-13 13:58:48 INFO  ChordProtocols:159 - Fixing the FingerTable for the Node: process1
2026-04-13 13:58:48 INFO  StabilizationProtocols:60 - Checking the predecessor for Node: process1
==================================
Node Identifier = 53937554629190552131995290006614509577
Node IP address = process1
successor(process1) = process3
predecessor(process1) = process2
Current File keys for process1 => []
==================================
2026-04-13 13:58:48 INFO  StabilizationProtocols:130 - Updating the successor for Node: process2
2026-04-13 13:58:48 INFO  StabilizationProtocols:84 - Stabilizing ring from process2...
2026-04-13 13:58:48 INFO  StabilizationProtocols:91 - Stabilize ring: succnode = process1
2026-04-13 13:58:48 INFO  StabilizationProtocols:113 - Finished stabilizing chordring from process2
2026-04-13 13:58:48 INFO  ChordProtocols:159 - Fixing the FingerTable for the Node: process2
2026-04-13 13:58:48 INFO  StabilizationProtocols:60 - Checking the predecessor for Node: process2
==================================
Node Identifier = 15618062003214643351512781541041391612
Node IP address = process2
successor(process2) = process1
predecessor(process2) = process4
Current File keys for process2 => []
==================================
2026-04-13 13:58:48 INFO  StabilizationProtocols:130 - Updating the successor for Node: process3
2026-04-13 13:58:48 INFO  StabilizationProtocols:84 - Stabilizing ring from process3...
2026-04-13 13:58:48 INFO  StabilizationProtocols:91 - Stabilize ring: succnode = process5
2026-04-13 13:58:48 INFO  StabilizationProtocols:113 - Finished stabilizing chordring from process3
2026-04-13 13:58:48 INFO  ChordProtocols:159 - Fixing the FingerTable for the Node: process3
2026-04-13 13:58:48 INFO  StabilizationProtocols:130 - Updating the successor for Node: process4
2026-04-13 13:58:48 INFO  StabilizationProtocols:84 - Stabilizing ring from process4...
2026-04-13 13:58:48 INFO  StabilizationProtocols:91 - Stabilize ring: succnode = process2
2026-04-13 13:58:48 INFO  StabilizationProtocols:60 - Checking the predecessor for Node: process3
==================================
Node Identifier = 66910184482037901621933403444034052414
Node IP address = process3
successor(process3) = process5
predecessor(process3) = process1
Current File keys for process3 => []
==================================
2026-04-13 13:58:48 INFO  StabilizationProtocols:113 - Finished stabilizing chordring from process4
2026-04-13 13:58:48 INFO  ChordProtocols:159 - Fixing the FingerTable for the Node: process4
2026-04-13 13:58:48 INFO  StabilizationProtocols:60 - Checking the predecessor for Node: process4
2026-04-13 13:58:48 INFO  StabilizationProtocols:130 - Updating the successor for Node: process5
==================================
Node Identifier = 210821560651360572675896360671414673172
Node IP address = process4
successor(process4) = process2
predecessor(process4) = process5
Current File keys for process4 => []
==================================
2026-04-13 13:58:48 INFO  StabilizationProtocols:84 - Stabilizing ring from process5...
2026-04-13 13:58:48 INFO  StabilizationProtocols:91 - Stabilize ring: succnode = process4
2026-04-13 13:58:48 INFO  StabilizationProtocols:113 - Finished stabilizing chordring from process5
2026-04-13 13:58:48 INFO  ChordProtocols:159 - Fixing the FingerTable for the Node: process5
2026-04-13 13:58:48 INFO  StabilizationProtocols:60 - Checking the predecessor for Node: process5
==================================
Node Identifier = 121411138451101288395601026024677976156
Node IP address = process5
successor(process5) = process4
predecessor(process5) = process3
Current File keys for process5 => []
==================================
2026-04-13 13:58:50 INFO  StabilizationProtocols:130 - Updating the successor for Node: process1
2026-04-13 13:58:50 INFO  StabilizationProtocols:84 - Stabilizing ring from process1...
2026-04-13 13:58:50 INFO  StabilizationProtocols:91 - Stabilize ring: succnode = process3
2026-04-13 13:58:50 INFO  StabilizationProtocols:113 - Finished stabilizing chordring from process1
2026-04-13 13:58:50 INFO  ChordProtocols:159 - Fixing the FingerTable for the Node: process1
2026-04-13 13:58:50 INFO  StabilizationProtocols:60 - Checking the predecessor for Node: process1
==================================
Node Identifier = 53937554629190552131995290006614509577
Node IP address = process1
successor(process1) = process3
predecessor(process1) = process2
Current File keys for process1 => []
==================================
2026-04-13 13:58:50 INFO  StabilizationProtocols:130 - Updating the successor for Node: process2
2026-04-13 13:58:50 INFO  StabilizationProtocols:84 - Stabilizing ring from process2...
2026-04-13 13:58:50 INFO  StabilizationProtocols:91 - Stabilize ring: succnode = process1
2026-04-13 13:58:50 INFO  StabilizationProtocols:113 - Finished stabilizing chordring from process2
2026-04-13 13:58:50 INFO  ChordProtocols:159 - Fixing the FingerTable for the Node: process2
2026-04-13 13:58:50 INFO  StabilizationProtocols:60 - Checking the predecessor for Node: process2
==================================
Node Identifier = 15618062003214643351512781541041391612
Node IP address = process2
successor(process2) = process1
predecessor(process2) = process4
Current File keys for process2 => []
==================================
2026-04-13 13:58:50 INFO  StabilizationProtocols:130 - Updating the successor for Node: process3
2026-04-13 13:58:50 INFO  StabilizationProtocols:84 - Stabilizing ring from process3...
2026-04-13 13:58:50 INFO  StabilizationProtocols:91 - Stabilize ring: succnode = process5
2026-04-13 13:58:50 INFO  StabilizationProtocols:113 - Finished stabilizing chordring from process3
2026-04-13 13:58:50 INFO  ChordProtocols:159 - Fixing the FingerTable for the Node: process3
2026-04-13 13:58:50 INFO  StabilizationProtocols:60 - Checking the predecessor for Node: process3
2026-04-13 13:58:50 INFO  StabilizationProtocols:130 - Updating the successor for Node: process4
==================================
Node Identifier = 66910184482037901621933403444034052414
Node IP address = process3
successor(process3) = process5
predecessor(process3) = process1
Current File keys for process3 => []
==================================
2026-04-13 13:58:50 INFO  StabilizationProtocols:84 - Stabilizing ring from process4...
2026-04-13 13:58:50 INFO  StabilizationProtocols:91 - Stabilize ring: succnode = process2
2026-04-13 13:58:50 INFO  StabilizationProtocols:113 - Finished stabilizing chordring from process4
2026-04-13 13:58:50 INFO  ChordProtocols:159 - Fixing the FingerTable for the Node: process4
2026-04-13 13:58:50 INFO  StabilizationProtocols:60 - Checking the predecessor for Node: process4
2026-04-13 13:58:50 INFO  StabilizationProtocols:130 - Updating the successor for Node: process5
==================================
Node Identifier = 210821560651360572675896360671414673172
Node IP address = process4
successor(process4) = process2
predecessor(process4) = process5
Current File keys for process4 => []
==================================
2026-04-13 13:58:50 INFO  StabilizationProtocols:84 - Stabilizing ring from process5...
2026-04-13 13:58:50 INFO  StabilizationProtocols:91 - Stabilize ring: succnode = process4
2026-04-13 13:58:50 INFO  StabilizationProtocols:113 - Finished stabilizing chordring from process5
2026-04-13 13:58:50 INFO  ChordProtocols:159 - Fixing the FingerTable for the Node: process5
2026-04-13 13:58:50 INFO  StabilizationProtocols:60 - Checking the predecessor for Node: process5
==================================
Node Identifier = 121411138451101288395601026024677976156
Node IP address = process5
successor(process5) = process4
predecessor(process5) = process3
Current File keys for process5 => []
==================================
]]></system-out>
  </testcase>
</testsuite>